

*******************************************************************************
Thu Jun 30 13:48:14 2016


FIT:    data read from 'scal_time_f_points' u 1:2
        format = x:z
        #datapoints = 10
        residuals are weighted equally (unit weight)

function used for fitting: f1(x)


*******************************************************************************
Thu Jun 30 13:48:55 2016


FIT:    data read from 'scal_time_f_points' u 1:2
        format = x:z
        #datapoints = 10
        residuals are weighted equally (unit weight)

function used for fitting: f1(x)
fitted parameters initialized with current variable values



 Iteration 0
 WSSR        : 12.9407           delta(WSSR)/WSSR   : 0
 delta(WSSR) : 0                 limit for stopping : 1e-05
 lambda	  : 0.707107

initial set of free parameter values

a1              = 3.6
b1              = 0.005

After 3 iterations the fit converged.
final sum of squares of residuals : 4.96621
rel. change during last iteration : -9.09379e-10

degrees of freedom    (FIT_NDF)                        : 8
rms of residuals      (FIT_STDFIT) = sqrt(WSSR/ndf)    : 0.787894
variance of residuals (reduced chisquare) = WSSR/ndf   : 0.620776

BREAK:          Singular matrix in Invert_RtR



*******************************************************************************
Thu Jun 30 13:49:41 2016


FIT:    data read from 'scal_time_f_points' u 1:2
        format = x:z
        #datapoints = 10
        residuals are weighted equally (unit weight)

function used for fitting: f1(x)
fitted parameters initialized with current variable values



 Iteration 0
 WSSR        : 50.3476           delta(WSSR)/WSSR   : 0
 delta(WSSR) : 0                 limit for stopping : 1e-05
 lambda	  : 0.201738

initial set of free parameter values

a1              = 3.6
b1              = 8e+06

After 3 iterations the fit converged.
final sum of squares of residuals : 43.2152
rel. change during last iteration : -1.55983e-09

degrees of freedom    (FIT_NDF)                        : 8
rms of residuals      (FIT_STDFIT) = sqrt(WSSR/ndf)    : 2.3242
variance of residuals (reduced chisquare) = WSSR/ndf   : 5.4019

Final set of parameters            Asymptotic Standard Error
=======================            ==========================

a1              = 6.56016          +/- 10.43        (158.9%)
b1              = 8e+06            +/- 1.876e+07    (234.5%)


correlation matrix of the fit parameters:

               a1     b1     
a1              1.000 
b1              0.969  1.000 


*******************************************************************************
Thu Jun 30 13:54:29 2016


FIT:    data read from 'scal_time_f_points' u 1:2
        format = x:z
        #datapoints = 10
        residuals are weighted equally (unit weight)

function used for fitting: f1(x)
fitted parameters initialized with current variable values



 Iteration 0
 WSSR        : 22.837            delta(WSSR)/WSSR   : 0
 delta(WSSR) : 0                 limit for stopping : 1e-05
 lambda	  : 0.457765

initial set of free parameter values

a1              = 3.09
b1              = 1e+06

After 3 iterations the fit converged.
final sum of squares of residuals : 19.0266
rel. change during last iteration : -1.25353e-07

degrees of freedom    (FIT_NDF)                        : 8
rms of residuals      (FIT_STDFIT) = sqrt(WSSR/ndf)    : 1.54218
variance of residuals (reduced chisquare) = WSSR/ndf   : 2.37833

Final set of parameters            Asymptotic Standard Error
=======================            ==========================

a1              = 4.04351          +/- 0.9971       (24.66%)
b1              = 1e+06            +/- 6.102e+05    (61.02%)


correlation matrix of the fit parameters:

               a1     b1     
a1              1.000 
b1              0.655  1.000 
